◇ injecting env (16) from src\config\.env // tip: ⌘ multiple files { path: ['.env.local', '.env'] }
◇ injecting env (0) from .env // tip: ⌁ auth for agents [www.vestauth.com]
Server running on port 8081
[2026-06-11 03:40:04.406 +0800] [32mINFO[39m: [36mrequest completed[39m
    [35mservice[39m: "pabw-backend"
    [35menv[39m: "development"
    [35mreq[39m: {
      "id": 1,
      "method": "GET",
      "url": "/api/orders/3",
      "query": {},
      "params": {},
      "headers": {
        "host": "localhost:8081",
        "user-agent": "curl/8.19.0",
        "accept": "*/*",
        "authorization": "[REDACTED]"
      },
      "remoteAddress": "::1",
      "remotePort": 53217
    }
    [35mres[39m: {
      "statusCode": 200,
      "headers": {
        "vary": "Origin, Accept-Encoding",
        "access-control-allow-credentials": "true",
        "cross-origin-opener-policy": "same-origin",
        "cross-origin-resource-policy": "same-origin",
        "origin-agent-cluster": "?1",
        "referrer-policy": "no-referrer",
        "strict-transport-security": "max-age=31536000; includeSubDomains",
        "x-content-type-options": "nosniff",
        "x-dns-prefetch-control": "off",
        "x-download-options": "noopen",
        "x-frame-options": "SAMEORIGIN",
        "x-permitted-cross-domain-policies": "none",
        "x-xss-protection": "0",
        "x-ratelimit-limit": "120",
        "x-ratelimit-remaining": "119",
        "date": "Wed, 10 Jun 2026 19:40:04 GMT",
        "x-ratelimit-reset": "1781120465",
        "content-type": "application/json; charset=utf-8",
        "content-length": "229",
        "etag": "W/\"e5-UOXKLVnWtN1GbxfEt1kg9Pdh5Eo\""
      }
    }
    [35mresponseTime[39m: 72
[2026-06-11 03:40:04.518 +0800] [32mINFO[39m: [36mrequest completed[39m
    [35mservice[39m: "pabw-backend"
    [35menv[39m: "development"
    [35mreq[39m: {
      "id": 2,
      "method": "GET",
      "url": "/api/courier/order-items/3",
      "query": {},
      "params": {},
      "headers": {
        "host": "localhost:8081",
        "user-agent": "curl/8.19.0",
        "accept": "*/*",
        "authorization": "[REDACTED]"
      },
      "remoteAddress": "::1",
      "remotePort": 53220
    }
    [35mres[39m: {
      "statusCode": 404,
      "headers": {
        "vary": "Origin, Accept-Encoding",
        "access-control-allow-credentials": "true",
        "cross-origin-opener-policy": "same-origin",
        "cross-origin-resource-policy": "same-origin",
        "origin-agent-cluster": "?1",
        "referrer-policy": "no-referrer",
        "strict-transport-security": "max-age=31536000; includeSubDomains",
        "x-content-type-options": "nosniff",
        "x-dns-prefetch-control": "off",
        "x-download-options": "noopen",
        "x-frame-options": "SAMEORIGIN",
        "x-permitted-cross-domain-policies": "none",
        "x-xss-protection": "0",
        "x-ratelimit-limit": "120",
        "x-ratelimit-remaining": "118",
        "date": "Wed, 10 Jun 2026 19:40:04 GMT",
        "x-ratelimit-reset": "1781120465",
        "content-type": "application/json; charset=utf-8",
        "content-length": "54",
        "etag": "W/\"36-YsZkWd8mSHnz4jBhETMImNKl2hk\""
      }
    }
    [35mresponseTime[39m: 4
[2026-06-11 03:42:45.338 +0800] [32mINFO[39m: [36mrequest completed[39m
    [35mservice[39m: "pabw-backend"
    [35menv[39m: "development"
    [35mreq[39m: {
      "id": 3,
      "method": "GET",
      "url": "/api/courier/task",
      "query": {},
      "params": {},
      "headers": {
        "host": "localhost:8081",
        "user-agent": "curl/8.19.0",
        "accept": "*/*",
        "authorization": "[REDACTED]"
      },
      "remoteAddress": "::1",
      "remotePort": 61963
    }
    [35mres[39m: {
      "statusCode": 200,
      "headers": {
        "vary": "Origin, Accept-Encoding",
        "access-control-allow-credentials": "true",
        "cross-origin-opener-policy": "same-origin",
        "cross-origin-resource-policy": "same-origin",
        "origin-agent-cluster": "?1",
        "referrer-policy": "no-referrer",
        "strict-transport-security": "max-age=31536000; includeSubDomains",
        "x-content-type-options": "nosniff",
        "x-dns-prefetch-control": "off",
        "x-download-options": "noopen",
        "x-frame-options": "SAMEORIGIN",
        "x-permitted-cross-domain-policies": "none",
        "x-xss-protection": "0",
        "x-ratelimit-limit": "120",
        "x-ratelimit-remaining": "119",
        "date": "Wed, 10 Jun 2026 19:42:45 GMT",
        "x-ratelimit-reset": "1781120626",
        "content-type": "application/json; charset=utf-8",
        "content-length": "42",
        "etag": "W/\"2a-xI/WN+kE5TBnEid8HqesmiN3rMI\""
      }
    }
    [35mresponseTime[39m: 13
[2026-06-11 03:56:10.962 +0800] [32mINFO[39m: [36mrequest completed[39m
    [35mservice[39m: "pabw-backend"
    [35menv[39m: "development"
    [35mreq[39m: {
      "id": 4,
      "method": "POST",
      "url": "/api/auth/register",
      "query": {},
      "params": {},
      "headers": {
        "content-type": "application/json",
        "user-agent": "PostmanRuntime/7.53.0",
        "accept": "*/*",
        "cache-control": "no-cache",
        "postman-token": "732c62dd-21d4-4cad-ba29-94e579aa0e47",
        "host": "localhost:8081",
        "accept-encoding": "gzip, deflate, br",
        "connection": "keep-alive",
        "content-length": "150"
      },
      "remoteAddress": "::1",
      "remotePort": 63789
    }
    [35mres[39m: {
      "statusCode": 201,
      "headers": {
        "vary": "Origin, Accept-Encoding",
        "access-control-allow-credentials": "true",
        "cross-origin-opener-policy": "same-origin",
        "cross-origin-resource-policy": "same-origin",
        "origin-agent-cluster": "?1",
        "referrer-policy": "no-referrer",
        "strict-transport-security": "max-age=31536000; includeSubDomains",
        "x-content-type-options": "nosniff",
        "x-dns-prefetch-control": "off",
        "x-download-options": "noopen",
        "x-frame-options": "SAMEORIGIN",
        "x-permitted-cross-domain-policies": "none",
        "x-xss-protection": "0",
        "x-ratelimit-limit": "120",
        "x-ratelimit-remaining": "119",
        "date": "Wed, 10 Jun 2026 19:56:10 GMT",
        "x-ratelimit-reset": "1781121431",
        "content-type": "application/json; charset=utf-8",
        "content-length": "215",
        "etag": "W/\"d7-QYA5QAWfYF9uYzEon/I+41BIXeY\""
      }
    }
    [35mresponseTime[39m: 674
[2026-06-11 03:57:05.960 +0800] [32mINFO[39m: [36mrequest completed[39m
    [35mservice[39m: "pabw-backend"
    [35menv[39m: "development"
    [35mreq[39m: {
      "id": 5,
      "method": "POST",
      "url": "/api/auth/login",
      "query": {},
      "params": {},
      "headers": {
        "content-type": "application/json",
        "user-agent": "PostmanRuntime/7.53.0",
        "accept": "*/*",
        "cache-control": "no-cache",
        "postman-token": "45d0c1a9-3b42-4426-8dde-82d59593e072",
        "host": "localhost:8081",
        "accept-encoding": "gzip, deflate, br",
        "connection": "keep-alive",
        "content-length": "72"
      },
      "remoteAddress": "::1",
      "remotePort": 56612
    }
    [35mres[39m: {
      "statusCode": 200,
      "headers": {
        "vary": "Origin, Accept-Encoding",
        "access-control-allow-credentials": "true",
        "cross-origin-opener-policy": "same-origin",
        "cross-origin-resource-policy": "same-origin",
        "origin-agent-cluster": "?1",
        "referrer-policy": "no-referrer",
        "strict-transport-security": "max-age=31536000; includeSubDomains",
        "x-content-type-options": "nosniff",
        "x-dns-prefetch-control": "off",
        "x-download-options": "noopen",
        "x-frame-options": "SAMEORIGIN",
        "x-permitted-cross-domain-policies": "none",
        "x-xss-protection": "0",
        "x-ratelimit-limit": "120",
        "x-ratelimit-remaining": "118",
        "date": "Wed, 10 Jun 2026 19:57:05 GMT",
        "x-ratelimit-reset": "1781121431",
        "content-type": "application/json; charset=utf-8",
        "content-length": "369",
        "etag": "W/\"171-ldBYIFU0V8SeMviKLYAnkobaP+g\""
      }
    }
    [35mresponseTime[39m: 590
[2026-06-11 04:16:12.547 +0800] [32mINFO[39m: [36mrequest completed[39m
    [35mservice[39m: "pabw-backend"
    [35menv[39m: "development"
    [35mreq[39m: {
      "id": 6,
      "method": "POST",
      "url": "/api/auth/register",
      "query": {},
      "params": {},
      "headers": {
        "content-type": "application/json",
        "user-agent": "PostmanRuntime/7.53.0",
        "accept": "*/*",
        "cache-control": "no-cache",
        "postman-token": "94734481-d979-4d20-806b-8da1b0b80a5e",
        "host": "localhost:8081",
        "accept-encoding": "gzip, deflate, br",
        "connection": "keep-alive",
        "content-length": "150"
      },
      "remoteAddress": "::1",
      "remotePort": 60548
    }
    [35mres[39m: {
      "statusCode": 409,
      "headers": {
        "vary": "Origin, Accept-Encoding",
        "access-control-allow-credentials": "true",
        "cross-origin-opener-policy": "same-origin",
        "cross-origin-resource-policy": "same-origin",
        "origin-agent-cluster": "?1",
        "referrer-policy": "no-referrer",
        "strict-transport-security": "max-age=31536000; includeSubDomains",
        "x-content-type-options": "nosniff",
        "x-dns-prefetch-control": "off",
        "x-download-options": "noopen",
        "x-frame-options": "SAMEORIGIN",
        "x-permitted-cross-domain-policies": "none",
        "x-xss-protection": "0",
        "x-ratelimit-limit": "120",
        "x-ratelimit-remaining": "119",
        "date": "Wed, 10 Jun 2026 20:16:12 GMT",
        "x-ratelimit-reset": "1781122633",
        "content-type": "application/json; charset=utf-8",
        "content-length": "83",
        "etag": "W/\"53-HnU+zzeE3pkB7Gy/eR07eBe/8ks\""
      }
    }
    [35mresponseTime[39m: 24
[2026-06-11 04:16:33.197 +0800] [32mINFO[39m: [36mrequest completed[39m
    [35mservice[39m: "pabw-backend"
    [35menv[39m: "development"
    [35mreq[39m: {
      "id": 7,
      "method": "POST",
      "url": "/api/auth/login",
      "query": {},
      "params": {},
      "headers": {
        "content-type": "application/json",
        "user-agent": "PostmanRuntime/7.53.0",
        "accept": "*/*",
        "cache-control": "no-cache",
        "postman-token": "b332480d-0cbd-4054-a767-9bfbb030da36",
        "host": "localhost:8081",
        "accept-encoding": "gzip, deflate, br",
        "connection": "keep-alive",
        "content-length": "72"
      },
      "remoteAddress": "::1",
      "remotePort": 60173
    }
    [35mres[39m: {
      "statusCode": 200,
      "headers": {
        "vary": "Origin, Accept-Encoding",
        "access-control-allow-credentials": "true",
        "cross-origin-opener-policy": "same-origin",
        "cross-origin-resource-policy": "same-origin",
        "origin-agent-cluster": "?1",
        "referrer-policy": "no-referrer",
        "strict-transport-security": "max-age=31536000; includeSubDomains",
        "x-content-type-options": "nosniff",
        "x-dns-prefetch-control": "off",
        "x-download-options": "noopen",
        "x-frame-options": "SAMEORIGIN",
        "x-permitted-cross-domain-policies": "none",
        "x-xss-protection": "0",
        "x-ratelimit-limit": "120",
        "x-ratelimit-remaining": "118",
        "date": "Wed, 10 Jun 2026 20:16:32 GMT",
        "x-ratelimit-reset": "1781122633",
        "content-type": "application/json; charset=utf-8",
        "content-length": "369",
        "etag": "W/\"171-57jIcnhfXYrWUt4ZBOlRy2k5maI\""
      }
    }
    [35mresponseTime[39m: 540
